<?xml version="1.0" encoding="UTF-8"?>
<testng-results ignored="0" total="1" passed="1" failed="0" skipped="0">
  <reporter-output>
  </reporter-output>
  <suite started-at="2023-05-26T11:26:17 IST" name="Default suite" finished-at="2023-05-26T11:26:34 IST" duration-ms="17263">
    <groups>
    </groups>
    <test started-at="2023-05-26T11:26:17 IST" name="Default test" finished-at="2023-05-26T11:26:34 IST" duration-ms="17263">
      <class name="Action_Class.Example03_OnMouseOver_MoveToElement">
        <test-method is-config="true" signature="openBrowser()[pri:0, instance:Action_Class.Example03_OnMouseOver_MoveToElement@6c80d78a]" started-at="2023-05-26T11:26:17 IST" name="openBrowser" finished-at="2023-05-26T11:26:25 IST" duration-ms="8379" status="PASS">
          <reporter-output>
          </reporter-output>
        </test-method> <!-- openBrowser -->
        <test-method signature="VerifyContextClick()[pri:0, instance:Action_Class.Example03_OnMouseOver_MoveToElement@6c80d78a]" started-at="2023-05-26T11:26:25 IST" name="VerifyContextClick" finished-at="2023-05-26T11:26:27 IST" duration-ms="1781" status="PASS">
          <reporter-output>
          </reporter-output>
        </test-method> <!-- VerifyContextClick -->
        <test-method is-config="true" signature="closeBrowser()[pri:0, instance:Action_Class.Example03_OnMouseOver_MoveToElement@6c80d78a]" started-at="2023-05-26T11:26:27 IST" name="closeBrowser" finished-at="2023-05-26T11:26:34 IST" duration-ms="7049" status="PASS">
          <reporter-output>
          </reporter-output>
        </test-method> <!-- closeBrowser -->
      </class> <!-- Action_Class.Example03_OnMouseOver_MoveToElement -->
    </test> <!-- Default test -->
  </suite> <!-- Default suite -->
</testng-results>
