<?xml version="1.0" encoding="UTF-8"?>
<testng-results ignored="0" total="1" passed="1" failed="0" skipped="0">
  <reporter-output>
  </reporter-output>
  <suite started-at="2023-05-21T20:47:44 IST" name="Default suite" finished-at="2023-05-21T20:47:57 IST" duration-ms="12414">
    <groups>
    </groups>
    <test started-at="2023-05-21T20:47:44 IST" name="Default test" finished-at="2023-05-21T20:47:57 IST" duration-ms="12414">
      <class name="Action_Class.Example02_contextClick">
        <test-method is-config="true" signature="openBrowser()[pri:0, instance:Action_Class.Example02_contextClick@6c80d78a]" started-at="2023-05-21T20:47:44 IST" name="openBrowser" finished-at="2023-05-21T20:47:51 IST" duration-ms="6355" status="PASS">
          <reporter-output>
          </reporter-output>
        </test-method> <!-- openBrowser -->
        <test-method signature="VerifyContextClick()[pri:0, instance:Action_Class.Example02_contextClick@6c80d78a]" started-at="2023-05-21T20:47:51 IST" name="VerifyContextClick" finished-at="2023-05-21T20:47:52 IST" duration-ms="761" status="PASS">
          <reporter-output>
          </reporter-output>
        </test-method> <!-- VerifyContextClick -->
        <test-method is-config="true" signature="closeBrowser()[pri:0, instance:Action_Class.Example02_contextClick@6c80d78a]" started-at="2023-05-21T20:47:52 IST" name="closeBrowser" finished-at="2023-05-21T20:47:57 IST" duration-ms="5235" status="PASS">
          <reporter-output>
          </reporter-output>
        </test-method> <!-- closeBrowser -->
      </class> <!-- Action_Class.Example02_contextClick -->
    </test> <!-- Default test -->
  </suite> <!-- Default suite -->
</testng-results>
